  logger.c
  Logger Message: building DEBUG Target
  *** LOGGER version 2.20 Copyright (C) 1998 - 2000 Nick Rozanski (Nick@Rozanski.com)
E:\Users\Eugen\Source\srvstart\srvstart\dll_logger\logger.c(368,48): warning C4477: 'printf' : format string '%d' requires an argument of type 'int', but variadic argument 3 has type 'DWORD (__cdecl *)(void)'
E:\Users\Eugen\Source\srvstart\srvstart\dll_logger\logger.c(368,48): warning C4313: 'printf': '%d' in format string conflicts with argument 3 of type 'DWORD (__cdecl *)(void)'
E:\Users\Eugen\Source\srvstart\srvstart\dll_logger\logger.c(369,48): warning C4477: 'printf' : format string '%d' requires an argument of type 'int', but variadic argument 3 has type 'DWORD (__cdecl *)(void)'
E:\Users\Eugen\Source\srvstart\srvstart\dll_logger\logger.c(369,48): warning C4313: 'printf': '%d' in format string conflicts with argument 3 of type 'DWORD (__cdecl *)(void)'
E:\Users\Eugen\Source\srvstart\srvstart\dll_logger\logger.c(370,52): warning C4477: 'printf' : format string '%d' requires an argument of type 'int', but variadic argument 3 has type 'DWORD (__cdecl *)(void)'
E:\Users\Eugen\Source\srvstart\srvstart\dll_logger\logger.c(370,52): warning C4313: 'printf': '%d' in format string conflicts with argument 3 of type 'DWORD (__cdecl *)(void)'
E:\Users\Eugen\Source\srvstart\srvstart\dll_logger\logger.c(375,5): warning C4477: 'printf' : format string '%d' requires an argument of type 'int', but variadic argument 3 has type 'DWORD (__cdecl *)(void)'
E:\Users\Eugen\Source\srvstart\srvstart\dll_logger\logger.c(375,5): warning C4313: 'printf': '%d' in format string conflicts with argument 3 of type 'DWORD (__cdecl *)(void)'
E:\Users\Eugen\Source\srvstart\srvstart\dll_logger\logger.c(379,5): warning C4477: 'printf' : format string '%d' requires an argument of type 'int', but variadic argument 3 has type 'DWORD (__cdecl *)(void)'
E:\Users\Eugen\Source\srvstart\srvstart\dll_logger\logger.c(379,5): warning C4313: 'printf': '%d' in format string conflicts with argument 3 of type 'DWORD (__cdecl *)(void)'
E:\Users\Eugen\Source\srvstart\srvstart\dll_logger\logger.c(383,5): warning C4477: 'printf' : format string '%d' requires an argument of type 'int', but variadic argument 3 has type 'DWORD (__cdecl *)(void)'
E:\Users\Eugen\Source\srvstart\srvstart\dll_logger\logger.c(383,5): warning C4313: 'printf': '%d' in format string conflicts with argument 3 of type 'DWORD (__cdecl *)(void)'
E:\Users\Eugen\Source\srvstart\srvstart\dll_logger\logger.c(394,5): warning C4477: 'printf' : format string '%d' requires an argument of type 'int', but variadic argument 3 has type 'DWORD (__cdecl *)(void)'
E:\Users\Eugen\Source\srvstart\srvstart\dll_logger\logger.c(394,5): warning C4313: 'printf': '%d' in format string conflicts with argument 3 of type 'DWORD (__cdecl *)(void)'
E:\Users\Eugen\Source\srvstart\srvstart\dll_logger\logger.c(398,5): warning C4477: 'printf' : format string '%d' requires an argument of type 'int', but variadic argument 3 has type 'DWORD (__cdecl *)(void)'
E:\Users\Eugen\Source\srvstart\srvstart\dll_logger\logger.c(398,5): warning C4313: 'printf': '%d' in format string conflicts with argument 3 of type 'DWORD (__cdecl *)(void)'
E:\Users\Eugen\Source\srvstart\srvstart\dll_logger\logger.c(402,5): warning C4477: 'printf' : format string '%d' requires an argument of type 'int', but variadic argument 3 has type 'DWORD (__cdecl *)(void)'
E:\Users\Eugen\Source\srvstart\srvstart\dll_logger\logger.c(402,5): warning C4313: 'printf': '%d' in format string conflicts with argument 3 of type 'DWORD (__cdecl *)(void)'
E:\Users\Eugen\Source\srvstart\srvstart\dll_logger\logger.c(907,57): warning C4311: 'type cast': pointer truncation from 'DWORD (__cdecl *)(void)' to 'int'
E:\Users\Eugen\Source\srvstart\srvstart\dll_logger\logger.c(930,57): warning C4311: 'type cast': pointer truncation from 'DWORD (__cdecl *)(void)' to 'int'
E:\Users\Eugen\Source\srvstart\srvstart\dll_logger\logger.c(942,57): warning C4311: 'type cast': pointer truncation from 'DWORD (__cdecl *)(void)' to 'int'
E:\Users\Eugen\Source\srvstart\srvstart\dll_logger\logger.c(733,1): warning C4996: 'strncpy': This function or variable may be unsafe. Consider using strncpy_s instead. To disable deprecation, use _CRT_SECURE_NO_WARNINGS. See online help for details.
C:\Program Files (x86)\Windows Kits\10\Include\10.0.18362.0\ucrt\string.h(338): message : see declaration of 'strncpy'
E:\Users\Eugen\Source\srvstart\srvstart\dll_logger\logger.c(752,1): warning C4996: 'strcpy': This function or variable may be unsafe. Consider using strcpy_s instead. To disable deprecation, use _CRT_SECURE_NO_WARNINGS. See online help for details.
C:\Program Files (x86)\Windows Kits\10\Include\10.0.18362.0\ucrt\string.h(133): message : see declaration of 'strcpy'
E:\Users\Eugen\Source\srvstart\srvstart\dll_logger\logger.c(761,1): warning C4996: 'strcpy': This function or variable may be unsafe. Consider using strcpy_s instead. To disable deprecation, use _CRT_SECURE_NO_WARNINGS. See online help for details.
C:\Program Files (x86)\Windows Kits\10\Include\10.0.18362.0\ucrt\string.h(133): message : see declaration of 'strcpy'
E:\Users\Eugen\Source\srvstart\srvstart\dll_logger\logger.c(786,1): warning C4996: 'strncpy': This function or variable may be unsafe. Consider using strncpy_s instead. To disable deprecation, use _CRT_SECURE_NO_WARNINGS. See online help for details.
C:\Program Files (x86)\Windows Kits\10\Include\10.0.18362.0\ucrt\string.h(338): message : see declaration of 'strncpy'
E:\Users\Eugen\Source\srvstart\srvstart\dll_logger\logger.c(787,1): warning C4996: 'strcpy': This function or variable may be unsafe. Consider using strcpy_s instead. To disable deprecation, use _CRT_SECURE_NO_WARNINGS. See online help for details.
C:\Program Files (x86)\Windows Kits\10\Include\10.0.18362.0\ucrt\string.h(133): message : see declaration of 'strcpy'
E:\Users\Eugen\Source\srvstart\srvstart\dll_logger\logger.c(793,1): warning C4996: 'fopen': This function or variable may be unsafe. Consider using fopen_s instead. To disable deprecation, use _CRT_SECURE_NO_WARNINGS. See online help for details.
C:\Program Files (x86)\Windows Kits\10\Include\10.0.18362.0\ucrt\stdio.h(208): message : see declaration of 'fopen'
E:\Users\Eugen\Source\srvstart\srvstart\dll_logger\logger.c(798,1): warning C4996: 'fopen': This function or variable may be unsafe. Consider using fopen_s instead. To disable deprecation, use _CRT_SECURE_NO_WARNINGS. See online help for details.
C:\Program Files (x86)\Windows Kits\10\Include\10.0.18362.0\ucrt\stdio.h(208): message : see declaration of 'fopen'
E:\Users\Eugen\Source\srvstart\srvstart\dll_logger\logger.c(801,1): warning C4996: 'strncpy': This function or variable may be unsafe. Consider using strncpy_s instead. To disable deprecation, use _CRT_SECURE_NO_WARNINGS. See online help for details.
C:\Program Files (x86)\Windows Kits\10\Include\10.0.18362.0\ucrt\string.h(338): message : see declaration of 'strncpy'
E:\Users\Eugen\Source\srvstart\srvstart\dll_logger\logger.c(810,1): warning C4996: 'strncpy': This function or variable may be unsafe. Consider using strncpy_s instead. To disable deprecation, use _CRT_SECURE_NO_WARNINGS. See online help for details.
C:\Program Files (x86)\Windows Kits\10\Include\10.0.18362.0\ucrt\string.h(338): message : see declaration of 'strncpy'
E:\Users\Eugen\Source\srvstart\srvstart\dll_logger\logger.c(822,1): warning C4996: 'strncpy': This function or variable may be unsafe. Consider using strncpy_s instead. To disable deprecation, use _CRT_SECURE_NO_WARNINGS. See online help for details.
C:\Program Files (x86)\Windows Kits\10\Include\10.0.18362.0\ucrt\string.h(338): message : see declaration of 'strncpy'
E:\Users\Eugen\Source\srvstart\srvstart\dll_logger\logger.c(836,1): warning C4996: 'strncpy': This function or variable may be unsafe. Consider using strncpy_s instead. To disable deprecation, use _CRT_SECURE_NO_WARNINGS. See online help for details.
C:\Program Files (x86)\Windows Kits\10\Include\10.0.18362.0\ucrt\string.h(338): message : see declaration of 'strncpy'
E:\Users\Eugen\Source\srvstart\srvstart\dll_logger\logger.c(837,1): warning C4996: 'strcpy': This function or variable may be unsafe. Consider using strcpy_s instead. To disable deprecation, use _CRT_SECURE_NO_WARNINGS. See online help for details.
C:\Program Files (x86)\Windows Kits\10\Include\10.0.18362.0\ucrt\string.h(133): message : see declaration of 'strcpy'
E:\Users\Eugen\Source\srvstart\srvstart\dll_logger\logger.c(857,1): warning C4996: 'strncpy': This function or variable may be unsafe. Consider using strncpy_s instead. To disable deprecation, use _CRT_SECURE_NO_WARNINGS. See online help for details.
C:\Program Files (x86)\Windows Kits\10\Include\10.0.18362.0\ucrt\string.h(338): message : see declaration of 'strncpy'
E:\Users\Eugen\Source\srvstart\srvstart\dll_logger\logger.c(871,1): warning C4996: 'strncpy': This function or variable may be unsafe. Consider using strncpy_s instead. To disable deprecation, use _CRT_SECURE_NO_WARNINGS. See online help for details.
C:\Program Files (x86)\Windows Kits\10\Include\10.0.18362.0\ucrt\string.h(338): message : see declaration of 'strncpy'
E:\Users\Eugen\Source\srvstart\srvstart\dll_logger\logger.c(891,1): warning C4996: 'strcpy': This function or variable may be unsafe. Consider using strcpy_s instead. To disable deprecation, use _CRT_SECURE_NO_WARNINGS. See online help for details.
C:\Program Files (x86)\Windows Kits\10\Include\10.0.18362.0\ucrt\string.h(133): message : see declaration of 'strcpy'
E:\Users\Eugen\Source\srvstart\srvstart\dll_logger\logger.c(910,1): warning C4996: 'strncpy': This function or variable may be unsafe. Consider using strncpy_s instead. To disable deprecation, use _CRT_SECURE_NO_WARNINGS. See online help for details.
C:\Program Files (x86)\Windows Kits\10\Include\10.0.18362.0\ucrt\string.h(338): message : see declaration of 'strncpy'
E:\Users\Eugen\Source\srvstart\srvstart\dll_logger\logger.c(933,1): warning C4996: 'strncpy': This function or variable may be unsafe. Consider using strncpy_s instead. To disable deprecation, use _CRT_SECURE_NO_WARNINGS. See online help for details.
C:\Program Files (x86)\Windows Kits\10\Include\10.0.18362.0\ucrt\string.h(338): message : see declaration of 'strncpy'
E:\Users\Eugen\Source\srvstart\srvstart\dll_logger\logger.c(945,1): warning C4996: 'strncpy': This function or variable may be unsafe. Consider using strncpy_s instead. To disable deprecation, use _CRT_SECURE_NO_WARNINGS. See online help for details.
C:\Program Files (x86)\Windows Kits\10\Include\10.0.18362.0\ucrt\string.h(338): message : see declaration of 'strncpy'
E:\Users\Eugen\Source\srvstart\srvstart\dll_logger\logger.c(997,1): warning C4996: 'strncpy': This function or variable may be unsafe. Consider using strncpy_s instead. To disable deprecation, use _CRT_SECURE_NO_WARNINGS. See online help for details.
C:\Program Files (x86)\Windows Kits\10\Include\10.0.18362.0\ucrt\string.h(338): message : see declaration of 'strncpy'
E:\Users\Eugen\Source\srvstart\srvstart\dll_logger\logger.c(1102,1): warning C4996: 'strncpy': This function or variable may be unsafe. Consider using strncpy_s instead. To disable deprecation, use _CRT_SECURE_NO_WARNINGS. See online help for details.
C:\Program Files (x86)\Windows Kits\10\Include\10.0.18362.0\ucrt\string.h(338): message : see declaration of 'strncpy'
E:\Users\Eugen\Source\srvstart\srvstart\dll_logger\logger.c(1106,1): warning C4996: 'strncpy': This function or variable may be unsafe. Consider using strncpy_s instead. To disable deprecation, use _CRT_SECURE_NO_WARNINGS. See online help for details.
C:\Program Files (x86)\Windows Kits\10\Include\10.0.18362.0\ucrt\string.h(338): message : see declaration of 'strncpy'
E:\Users\Eugen\Source\srvstart\srvstart\dll_logger\logger.c(1505,33): warning C4267: '=': conversion from 'size_t' to 'int', possible loss of data
E:\Users\Eugen\Source\srvstart\srvstart\dll_logger\logger.c(1519,33): warning C4267: '=': conversion from 'size_t' to 'int', possible loss of data
E:\Users\Eugen\Source\srvstart\srvstart\dll_logger\logger.c(1325,1): warning C4996: 'strcpy': This function or variable may be unsafe. Consider using strcpy_s instead. To disable deprecation, use _CRT_SECURE_NO_WARNINGS. See online help for details.
C:\Program Files (x86)\Windows Kits\10\Include\10.0.18362.0\ucrt\string.h(133): message : see declaration of 'strcpy'
E:\Users\Eugen\Source\srvstart\srvstart\dll_logger\logger.c(1333,1): warning C4996: 'strcpy': This function or variable may be unsafe. Consider using strcpy_s instead. To disable deprecation, use _CRT_SECURE_NO_WARNINGS. See online help for details.
C:\Program Files (x86)\Windows Kits\10\Include\10.0.18362.0\ucrt\string.h(133): message : see declaration of 'strcpy'
E:\Users\Eugen\Source\srvstart\srvstart\dll_logger\logger.c(1334,1): warning C4996: 'strcpy': This function or variable may be unsafe. Consider using strcpy_s instead. To disable deprecation, use _CRT_SECURE_NO_WARNINGS. See online help for details.
C:\Program Files (x86)\Windows Kits\10\Include\10.0.18362.0\ucrt\string.h(133): message : see declaration of 'strcpy'
E:\Users\Eugen\Source\srvstart\srvstart\dll_logger\logger.c(1335,1): warning C4996: 'strcpy': This function or variable may be unsafe. Consider using strcpy_s instead. To disable deprecation, use _CRT_SECURE_NO_WARNINGS. See online help for details.
C:\Program Files (x86)\Windows Kits\10\Include\10.0.18362.0\ucrt\string.h(133): message : see declaration of 'strcpy'
E:\Users\Eugen\Source\srvstart\srvstart\dll_logger\logger.c(1336,1): warning C4996: 'strcpy': This function or variable may be unsafe. Consider using strcpy_s instead. To disable deprecation, use _CRT_SECURE_NO_WARNINGS. See online help for details.
C:\Program Files (x86)\Windows Kits\10\Include\10.0.18362.0\ucrt\string.h(133): message : see declaration of 'strcpy'
E:\Users\Eugen\Source\srvstart\srvstart\dll_logger\logger.c(1337,1): warning C4996: 'strcpy': This function or variable may be unsafe. Consider using strcpy_s instead. To disable deprecation, use _CRT_SECURE_NO_WARNINGS. See online help for details.
C:\Program Files (x86)\Windows Kits\10\Include\10.0.18362.0\ucrt\string.h(133): message : see declaration of 'strcpy'
E:\Users\Eugen\Source\srvstart\srvstart\dll_logger\logger.c(1338,1): warning C4996: 'strcpy': This function or variable may be unsafe. Consider using strcpy_s instead. To disable deprecation, use _CRT_SECURE_NO_WARNINGS. See online help for details.
C:\Program Files (x86)\Windows Kits\10\Include\10.0.18362.0\ucrt\string.h(133): message : see declaration of 'strcpy'
E:\Users\Eugen\Source\srvstart\srvstart\dll_logger\logger.c(1339,1): warning C4996: 'strcpy': This function or variable may be unsafe. Consider using strcpy_s instead. To disable deprecation, use _CRT_SECURE_NO_WARNINGS. See online help for details.
C:\Program Files (x86)\Windows Kits\10\Include\10.0.18362.0\ucrt\string.h(133): message : see declaration of 'strcpy'
E:\Users\Eugen\Source\srvstart\srvstart\dll_logger\logger.c(1352,1): warning C4996: 'localtime': This function or variable may be unsafe. Consider using localtime_s instead. To disable deprecation, use _CRT_SECURE_NO_WARNINGS. See online help for details.
C:\Program Files (x86)\Windows Kits\10\Include\10.0.18362.0\ucrt\time.h(506): message : see declaration of 'localtime'
E:\Users\Eugen\Source\srvstart\srvstart\dll_logger\logger.c(1354,1): warning C4996: 'sprintf': This function or variable may be unsafe. Consider using sprintf_s instead. To disable deprecation, use _CRT_SECURE_NO_WARNINGS. See online help for details.
C:\Program Files (x86)\Windows Kits\10\Include\10.0.18362.0\ucrt\stdio.h(1774): message : see declaration of 'sprintf'
E:\Users\Eugen\Source\srvstart\srvstart\dll_logger\logger.c(1360,1): warning C4996: 'strcpy': This function or variable may be unsafe. Consider using strcpy_s instead. To disable deprecation, use _CRT_SECURE_NO_WARNINGS. See online help for details.
C:\Program Files (x86)\Windows Kits\10\Include\10.0.18362.0\ucrt\string.h(133): message : see declaration of 'strcpy'
E:\Users\Eugen\Source\srvstart\srvstart\dll_logger\logger.c(1368,1): warning C4996: 'sprintf': This function or variable may be unsafe. Consider using sprintf_s instead. To disable deprecation, use _CRT_SECURE_NO_WARNINGS. See online help for details.
C:\Program Files (x86)\Windows Kits\10\Include\10.0.18362.0\ucrt\stdio.h(1774): message : see declaration of 'sprintf'
E:\Users\Eugen\Source\srvstart\srvstart\dll_logger\logger.c(1380,1): warning C4996: 'strcat': This function or variable may be unsafe. Consider using strcat_s instead. To disable deprecation, use _CRT_SECURE_NO_WARNINGS. See online help for details.
C:\Program Files (x86)\Windows Kits\10\Include\10.0.18362.0\ucrt\string.h(90): message : see declaration of 'strcat'
E:\Users\Eugen\Source\srvstart\srvstart\dll_logger\logger.c(1381,1): warning C4996: 'strcat': This function or variable may be unsafe. Consider using strcat_s instead. To disable deprecation, use _CRT_SECURE_NO_WARNINGS. See online help for details.
C:\Program Files (x86)\Windows Kits\10\Include\10.0.18362.0\ucrt\string.h(90): message : see declaration of 'strcat'
E:\Users\Eugen\Source\srvstart\srvstart\dll_logger\logger.c(1382,1): warning C4996: 'strcat': This function or variable may be unsafe. Consider using strcat_s instead. To disable deprecation, use _CRT_SECURE_NO_WARNINGS. See online help for details.
C:\Program Files (x86)\Windows Kits\10\Include\10.0.18362.0\ucrt\string.h(90): message : see declaration of 'strcat'
E:\Users\Eugen\Source\srvstart\srvstart\dll_logger\logger.c(1383,1): warning C4996: 'strcat': This function or variable may be unsafe. Consider using strcat_s instead. To disable deprecation, use _CRT_SECURE_NO_WARNINGS. See online help for details.
C:\Program Files (x86)\Windows Kits\10\Include\10.0.18362.0\ucrt\string.h(90): message : see declaration of 'strcat'
E:\Users\Eugen\Source\srvstart\srvstart\dll_logger\logger.c(1387,1): warning C4996: 'strcat': This function or variable may be unsafe. Consider using strcat_s instead. To disable deprecation, use _CRT_SECURE_NO_WARNINGS. See online help for details.
C:\Program Files (x86)\Windows Kits\10\Include\10.0.18362.0\ucrt\string.h(90): message : see declaration of 'strcat'
E:\Users\Eugen\Source\srvstart\srvstart\dll_logger\logger.c(1388,1): warning C4996: 'strcat': This function or variable may be unsafe. Consider using strcat_s instead. To disable deprecation, use _CRT_SECURE_NO_WARNINGS. See online help for details.
C:\Program Files (x86)\Windows Kits\10\Include\10.0.18362.0\ucrt\string.h(90): message : see declaration of 'strcat'
E:\Users\Eugen\Source\srvstart\srvstart\dll_logger\logger.c(1394,1): warning C4996: 'strcat': This function or variable may be unsafe. Consider using strcat_s instead. To disable deprecation, use _CRT_SECURE_NO_WARNINGS. See online help for details.
C:\Program Files (x86)\Windows Kits\10\Include\10.0.18362.0\ucrt\string.h(90): message : see declaration of 'strcat'
E:\Users\Eugen\Source\srvstart\srvstart\dll_logger\logger.c(1395,1): warning C4996: 'sprintf': This function or variable may be unsafe. Consider using sprintf_s instead. To disable deprecation, use _CRT_SECURE_NO_WARNINGS. See online help for details.
C:\Program Files (x86)\Windows Kits\10\Include\10.0.18362.0\ucrt\stdio.h(1774): message : see declaration of 'sprintf'
E:\Users\Eugen\Source\srvstart\srvstart\dll_logger\logger.c(1396,1): warning C4996: 'strcat': This function or variable may be unsafe. Consider using strcat_s instead. To disable deprecation, use _CRT_SECURE_NO_WARNINGS. See online help for details.
C:\Program Files (x86)\Windows Kits\10\Include\10.0.18362.0\ucrt\string.h(90): message : see declaration of 'strcat'
E:\Users\Eugen\Source\srvstart\srvstart\dll_logger\logger.c(1404,1): warning C4996: 'strcat': This function or variable may be unsafe. Consider using strcat_s instead. To disable deprecation, use _CRT_SECURE_NO_WARNINGS. See online help for details.
C:\Program Files (x86)\Windows Kits\10\Include\10.0.18362.0\ucrt\string.h(90): message : see declaration of 'strcat'
E:\Users\Eugen\Source\srvstart\srvstart\dll_logger\logger.c(1407,1): warning C4996: 'sprintf': This function or variable may be unsafe. Consider using sprintf_s instead. To disable deprecation, use _CRT_SECURE_NO_WARNINGS. See online help for details.
C:\Program Files (x86)\Windows Kits\10\Include\10.0.18362.0\ucrt\stdio.h(1774): message : see declaration of 'sprintf'
E:\Users\Eugen\Source\srvstart\srvstart\dll_logger\logger.c(1412,1): warning C4996: 'strcat': This function or variable may be unsafe. Consider using strcat_s instead. To disable deprecation, use _CRT_SECURE_NO_WARNINGS. See online help for details.
C:\Program Files (x86)\Windows Kits\10\Include\10.0.18362.0\ucrt\string.h(90): message : see declaration of 'strcat'
E:\Users\Eugen\Source\srvstart\srvstart\dll_logger\logger.c(1416,1): warning C4996: 'strcat': This function or variable may be unsafe. Consider using strcat_s instead. To disable deprecation, use _CRT_SECURE_NO_WARNINGS. See online help for details.
C:\Program Files (x86)\Windows Kits\10\Include\10.0.18362.0\ucrt\string.h(90): message : see declaration of 'strcat'
E:\Users\Eugen\Source\srvstart\srvstart\dll_logger\logger.c(1417,1): warning C4996: 'sprintf': This function or variable may be unsafe. Consider using sprintf_s instead. To disable deprecation, use _CRT_SECURE_NO_WARNINGS. See online help for details.
C:\Program Files (x86)\Windows Kits\10\Include\10.0.18362.0\ucrt\stdio.h(1774): message : see declaration of 'sprintf'
E:\Users\Eugen\Source\srvstart\srvstart\dll_logger\logger.c(1418,1): warning C4996: 'strcat': This function or variable may be unsafe. Consider using strcat_s instead. To disable deprecation, use _CRT_SECURE_NO_WARNINGS. See online help for details.
C:\Program Files (x86)\Windows Kits\10\Include\10.0.18362.0\ucrt\string.h(90): message : see declaration of 'strcat'
E:\Users\Eugen\Source\srvstart\srvstart\dll_logger\logger.c(1427,1): warning C4996: 'strcat': This function or variable may be unsafe. Consider using strcat_s instead. To disable deprecation, use _CRT_SECURE_NO_WARNINGS. See online help for details.
C:\Program Files (x86)\Windows Kits\10\Include\10.0.18362.0\ucrt\string.h(90): message : see declaration of 'strcat'
E:\Users\Eugen\Source\srvstart\srvstart\dll_logger\logger.c(1428,1): warning C4996: 'strcat': This function or variable may be unsafe. Consider using strcat_s instead. To disable deprecation, use _CRT_SECURE_NO_WARNINGS. See online help for details.
C:\Program Files (x86)\Windows Kits\10\Include\10.0.18362.0\ucrt\string.h(90): message : see declaration of 'strcat'
E:\Users\Eugen\Source\srvstart\srvstart\dll_logger\logger.c(1435,1): warning C4996: 'strcat': This function or variable may be unsafe. Consider using strcat_s instead. To disable deprecation, use _CRT_SECURE_NO_WARNINGS. See online help for details.
C:\Program Files (x86)\Windows Kits\10\Include\10.0.18362.0\ucrt\string.h(90): message : see declaration of 'strcat'
E:\Users\Eugen\Source\srvstart\srvstart\dll_logger\logger.c(1436,1): warning C4996: 'sprintf': This function or variable may be unsafe. Consider using sprintf_s instead. To disable deprecation, use _CRT_SECURE_NO_WARNINGS. See online help for details.
C:\Program Files (x86)\Windows Kits\10\Include\10.0.18362.0\ucrt\stdio.h(1774): message : see declaration of 'sprintf'
E:\Users\Eugen\Source\srvstart\srvstart\dll_logger\logger.c(1437,1): warning C4996: 'strcat': This function or variable may be unsafe. Consider using strcat_s instead. To disable deprecation, use _CRT_SECURE_NO_WARNINGS. See online help for details.
C:\Program Files (x86)\Windows Kits\10\Include\10.0.18362.0\ucrt\string.h(90): message : see declaration of 'strcat'
E:\Users\Eugen\Source\srvstart\srvstart\dll_logger\logger.c(1445,1): warning C4996: 'strcat': This function or variable may be unsafe. Consider using strcat_s instead. To disable deprecation, use _CRT_SECURE_NO_WARNINGS. See online help for details.
C:\Program Files (x86)\Windows Kits\10\Include\10.0.18362.0\ucrt\string.h(90): message : see declaration of 'strcat'
E:\Users\Eugen\Source\srvstart\srvstart\dll_logger\logger.c(1446,1): warning C4996: 'strcat': This function or variable may be unsafe. Consider using strcat_s instead. To disable deprecation, use _CRT_SECURE_NO_WARNINGS. See online help for details.
C:\Program Files (x86)\Windows Kits\10\Include\10.0.18362.0\ucrt\string.h(90): message : see declaration of 'strcat'
E:\Users\Eugen\Source\srvstart\srvstart\dll_logger\logger.c(1451,1): warning C4996: 'strcat': This function or variable may be unsafe. Consider using strcat_s instead. To disable deprecation, use _CRT_SECURE_NO_WARNINGS. See online help for details.
C:\Program Files (x86)\Windows Kits\10\Include\10.0.18362.0\ucrt\string.h(90): message : see declaration of 'strcat'
E:\Users\Eugen\Source\srvstart\srvstart\dll_logger\logger.c(1452,1): warning C4996: 'strcat': This function or variable may be unsafe. Consider using strcat_s instead. To disable deprecation, use _CRT_SECURE_NO_WARNINGS. See online help for details.
C:\Program Files (x86)\Windows Kits\10\Include\10.0.18362.0\ucrt\string.h(90): message : see declaration of 'strcat'
E:\Users\Eugen\Source\srvstart\srvstart\dll_logger\logger.c(1463,1): warning C4996: 'strcat': This function or variable may be unsafe. Consider using strcat_s instead. To disable deprecation, use _CRT_SECURE_NO_WARNINGS. See online help for details.
C:\Program Files (x86)\Windows Kits\10\Include\10.0.18362.0\ucrt\string.h(90): message : see declaration of 'strcat'
E:\Users\Eugen\Source\srvstart\srvstart\dll_logger\logger.c(1470,1): warning C4996: 'vsprintf': This function or variable may be unsafe. Consider using vsprintf_s instead. To disable deprecation, use _CRT_SECURE_NO_WARNINGS. See online help for details.
C:\Program Files (x86)\Windows Kits\10\Include\10.0.18362.0\ucrt\stdio.h(1469): message : see declaration of 'vsprintf'
E:\Users\Eugen\Source\srvstart\srvstart\dll_logger\logger.c(1481,1): warning C4996: 'strcpy': This function or variable may be unsafe. Consider using strcpy_s instead. To disable deprecation, use _CRT_SECURE_NO_WARNINGS. See online help for details.
C:\Program Files (x86)\Windows Kits\10\Include\10.0.18362.0\ucrt\string.h(133): message : see declaration of 'strcpy'
E:\Users\Eugen\Source\srvstart\srvstart\dll_logger\logger.c(1492,1): warning C4996: 'fileno': The POSIX name for this item is deprecated. Instead, use the ISO C and C++ conformant name: _fileno. See online help for details.
C:\Program Files (x86)\Windows Kits\10\Include\10.0.18362.0\ucrt\stdio.h(2459): message : see declaration of 'fileno'
C:\Program Files (x86)\Microsoft Visual Studio\2019\Community\MSBuild\Microsoft\VC\v160\Microsoft.CppBuild.targets(1274,5): warning MSB8012: TargetPath(E:\Users\Eugen\Source\srvstart\srvstart\x64\Debug\dll_logger.dll) does not match the Linker's OutputFile property value (E:\Users\Eugen\Source\srvstart\srvstart\x64\Debug\Logger.dll). This may cause your project to build incorrectly. To correct this, please make sure that $(OutDir), $(TargetName) and $(TargetExt) property values match the value specified in %(Link.OutputFile).
C:\Program Files (x86)\Microsoft Visual Studio\2019\Community\MSBuild\Microsoft\VC\v160\Microsoft.CppBuild.targets(1276,5): warning MSB8012: TargetName(dll_logger) does not match the Linker's OutputFile property value (Logger). This may cause your project to build incorrectly. To correct this, please make sure that $(OutDir), $(TargetName) and $(TargetExt) property values match the value specified in %(Link.OutputFile).
     Creating library E:\Users\Eugen\Source\srvstart\srvstart\x64\Debug\dll_logger.lib and object E:\Users\Eugen\Source\srvstart\srvstart\x64\Debug\dll_logger.exp
  dll_logger.vcxproj -> E:\Users\Eugen\Source\srvstart\srvstart\x64\Debug\dll_logger.dll
