  ArgumentList.cpp
  Logger Message: building DEBUG Target
E:\Users\Eugen\Source\srvstart\srvstart\exe\ArgumentList.h(38): warning C4091: 'typedef ': ignored on left of 'ArgumentList::ArgumentTypes' when no variable is declared
E:\Users\Eugen\Source\srvstart\srvstart\exe\ArgumentList.h(41): warning C4091: 'typedef ': ignored on left of 'ArgumentList::ArgumentTransformations' when no variable is declared
E:\Users\Eugen\Source\srvstart\srvstart\exe\ArgumentList.h(44): warning C4091: 'typedef ': ignored on left of 'ArgumentList::ArgumentValidations' when no variable is declared
E:\Users\Eugen\Source\srvstart\srvstart\exe\ArgumentList.cpp(241,1): warning C4996: 'strcpy': This function or variable may be unsafe. Consider using strcpy_s instead. To disable deprecation, use _CRT_SECURE_NO_WARNINGS. See online help for details.
C:\Program Files (x86)\Windows Kits\10\Include\10.0.18362.0\ucrt\string.h(133): message : see declaration of 'strcpy'
E:\Users\Eugen\Source\srvstart\srvstart\exe\ArgumentList.cpp(291,1): warning C4996: '_splitpath': This function or variable may be unsafe. Consider using _splitpath_s instead. To disable deprecation, use _CRT_SECURE_NO_WARNINGS. See online help for details.
C:\Program Files (x86)\Windows Kits\10\Include\10.0.18362.0\ucrt\stdlib.h(1112): message : see declaration of '_splitpath'
E:\Users\Eugen\Source\srvstart\srvstart\exe\ArgumentList.cpp(401,1): warning C4996: 'strcpy': This function or variable may be unsafe. Consider using strcpy_s instead. To disable deprecation, use _CRT_SECURE_NO_WARNINGS. See online help for details.
C:\Program Files (x86)\Windows Kits\10\Include\10.0.18362.0\ucrt\string.h(133): message : see declaration of 'strcpy'
E:\Users\Eugen\Source\srvstart\srvstart\exe\ArgumentList.cpp(415,1): warning C4996: 'strcpy': This function or variable may be unsafe. Consider using strcpy_s instead. To disable deprecation, use _CRT_SECURE_NO_WARNINGS. See online help for details.
C:\Program Files (x86)\Windows Kits\10\Include\10.0.18362.0\ucrt\string.h(133): message : see declaration of 'strcpy'
E:\Users\Eugen\Source\srvstart\srvstart\exe\ArgumentList.cpp(438,1): warning C4996: 'strcpy': This function or variable may be unsafe. Consider using strcpy_s instead. To disable deprecation, use _CRT_SECURE_NO_WARNINGS. See online help for details.
C:\Program Files (x86)\Windows Kits\10\Include\10.0.18362.0\ucrt\string.h(133): message : see declaration of 'strcpy'
  ConfigurationFile.cpp
  Logger Message: building DEBUG Target
E:\Users\Eugen\Source\srvstart\srvstart\exe\ConfigurationFile.cpp(184,1): warning C4996: 'strcpy': This function or variable may be unsafe. Consider using strcpy_s instead. To disable deprecation, use _CRT_SECURE_NO_WARNINGS. See online help for details.
C:\Program Files (x86)\Windows Kits\10\Include\10.0.18362.0\ucrt\string.h(133): message : see declaration of 'strcpy'
E:\Users\Eugen\Source\srvstart\srvstart\exe\ConfigurationFile.cpp(204,1): warning C4996: 'strcpy': This function or variable may be unsafe. Consider using strcpy_s instead. To disable deprecation, use _CRT_SECURE_NO_WARNINGS. See online help for details.
C:\Program Files (x86)\Windows Kits\10\Include\10.0.18362.0\ucrt\string.h(133): message : see declaration of 'strcpy'
E:\Users\Eugen\Source\srvstart\srvstart\exe\ConfigurationFile.cpp(226,1): warning C4996: 'strcpy': This function or variable may be unsafe. Consider using strcpy_s instead. To disable deprecation, use _CRT_SECURE_NO_WARNINGS. See online help for details.
C:\Program Files (x86)\Windows Kits\10\Include\10.0.18362.0\ucrt\string.h(133): message : see declaration of 'strcpy'
  exe.cpp
  Logger Message: building DEBUG Target
E:\Users\Eugen\Source\srvstart\srvstart\exe\ArgumentList.h(38): warning C4091: 'typedef ': ignored on left of 'ArgumentList::ArgumentTypes' when no variable is declared
E:\Users\Eugen\Source\srvstart\srvstart\exe\ArgumentList.h(41): warning C4091: 'typedef ': ignored on left of 'ArgumentList::ArgumentTransformations' when no variable is declared
E:\Users\Eugen\Source\srvstart\srvstart\exe\ArgumentList.h(44): warning C4091: 'typedef ': ignored on left of 'ArgumentList::ArgumentValidations' when no variable is declared
  importing CmdRunner
  importing SrvStart
E:\Users\Eugen\Source\srvstart\srvstart\dll\SrvStart.h(104,4): warning C4091: 'typedef ': ignored on left of 'SrvStart::SRVSTART_EXCEPTION' when no variable is declared
E:\Users\Eugen\Source\srvstart\srvstart\dll\CmdRunner.h(109): warning C4091: 'typedef ': ignored on left of 'SrvStart::CmdRunner::START_MODES' when no variable is declared
E:\Users\Eugen\Source\srvstart\srvstart\dll\CmdRunner.h(110): warning C4091: 'typedef ': ignored on left of 'SrvStart::CmdRunner::EXECUTION_PRIORITIES' when no variable is declared
E:\Users\Eugen\Source\srvstart\srvstart\dll\CmdRunner.h(111): warning C4091: 'typedef ': ignored on left of 'SrvStart::CmdRunner::SHUTDOWN_METHODS' when no variable is declared
E:\Users\Eugen\Source\srvstart\srvstart\dll\CmdRunner.h(183): warning C4091: 'typedef ': ignored on left of 'SrvStart::CmdRunner::WATCH_OUTCOMES' when no variable is declared
  importing ServiceManager
  importing StringSubstituter
  *** SRVSTART version 1.20 [debug] Copyright (C) 1998 - 2000 Nick Rozanski (Nick@Rozanski.com)
E:\Users\Eugen\Source\srvstart\srvstart\exe\exe.cpp(222,1): warning C4996: 'strcpy': This function or variable may be unsafe. Consider using strcpy_s instead. To disable deprecation, use _CRT_SECURE_NO_WARNINGS. See online help for details.
C:\Program Files (x86)\Windows Kits\10\Include\10.0.18362.0\ucrt\string.h(133): message : see declaration of 'strcpy'
E:\Users\Eugen\Source\srvstart\srvstart\exe\exe.cpp(243,1): warning C4996: 'strcpy': This function or variable may be unsafe. Consider using strcpy_s instead. To disable deprecation, use _CRT_SECURE_NO_WARNINGS. See online help for details.
C:\Program Files (x86)\Windows Kits\10\Include\10.0.18362.0\ucrt\string.h(133): message : see declaration of 'strcpy'
E:\Users\Eugen\Source\srvstart\srvstart\exe\exe.cpp(585,36): warning C4244: '=': conversion from '__int64' to 'int', possible loss of data
E:\Users\Eugen\Source\srvstart\srvstart\exe\exe.cpp(592,1): warning C4996: 'strncpy': This function or variable may be unsafe. Consider using strncpy_s instead. To disable deprecation, use _CRT_SECURE_NO_WARNINGS. See online help for details.
C:\Program Files (x86)\Windows Kits\10\Include\10.0.18362.0\ucrt\string.h(338): message : see declaration of 'strncpy'
E:\Users\Eugen\Source\srvstart\srvstart\exe\exe.cpp(595,1): warning C4996: 'strcpy': This function or variable may be unsafe. Consider using strcpy_s instead. To disable deprecation, use _CRT_SECURE_NO_WARNINGS. See online help for details.
C:\Program Files (x86)\Windows Kits\10\Include\10.0.18362.0\ucrt\string.h(133): message : see declaration of 'strcpy'
E:\Users\Eugen\Source\srvstart\srvstart\exe\exe.cpp(1013,39): warning C4244: '=': conversion from '__int64' to 'int', possible loss of data
E:\Users\Eugen\Source\srvstart\srvstart\exe\exe.cpp(1035,24): warning C4244: 'initializing': conversion from '__int64' to 'int', possible loss of data
E:\Users\Eugen\Source\srvstart\srvstart\exe\exe.cpp(1075,24): warning C4244: 'initializing': conversion from '__int64' to 'int', possible loss of data
E:\Users\Eugen\Source\srvstart\srvstart\exe\exe.cpp(1021,1): warning C4996: 'strncpy': This function or variable may be unsafe. Consider using strncpy_s instead. To disable deprecation, use _CRT_SECURE_NO_WARNINGS. See online help for details.
C:\Program Files (x86)\Windows Kits\10\Include\10.0.18362.0\ucrt\string.h(338): message : see declaration of 'strncpy'
E:\Users\Eugen\Source\srvstart\srvstart\exe\exe.cpp(1024,1): warning C4996: 'strcpy': This function or variable may be unsafe. Consider using strcpy_s instead. To disable deprecation, use _CRT_SECURE_NO_WARNINGS. See online help for details.
C:\Program Files (x86)\Windows Kits\10\Include\10.0.18362.0\ucrt\string.h(133): message : see declaration of 'strcpy'
E:\Users\Eugen\Source\srvstart\srvstart\exe\exe.cpp(1051,1): warning C4996: 'strcpy': This function or variable may be unsafe. Consider using strcpy_s instead. To disable deprecation, use _CRT_SECURE_NO_WARNINGS. See online help for details.
C:\Program Files (x86)\Windows Kits\10\Include\10.0.18362.0\ucrt\string.h(133): message : see declaration of 'strcpy'
E:\Users\Eugen\Source\srvstart\srvstart\exe\exe.cpp(1091,1): warning C4996: 'strcpy': This function or variable may be unsafe. Consider using strcpy_s instead. To disable deprecation, use _CRT_SECURE_NO_WARNINGS. See online help for details.
C:\Program Files (x86)\Windows Kits\10\Include\10.0.18362.0\ucrt\string.h(133): message : see declaration of 'strcpy'
E:\Users\Eugen\Source\srvstart\srvstart\exe\exe.cpp(1259,1): warning C4996: 'sprintf': This function or variable may be unsafe. Consider using sprintf_s instead. To disable deprecation, use _CRT_SECURE_NO_WARNINGS. See online help for details.
C:\Program Files (x86)\Windows Kits\10\Include\10.0.18362.0\ucrt\stdio.h(1774): message : see declaration of 'sprintf'
E:\Users\Eugen\Source\srvstart\srvstart\exe\exe.cpp(1282,1): warning C4996: 'getenv': This function or variable may be unsafe. Consider using _dupenv_s instead. To disable deprecation, use _CRT_SECURE_NO_WARNINGS. See online help for details.
C:\Program Files (x86)\Windows Kits\10\Include\10.0.18362.0\ucrt\stdlib.h(1191): message : see declaration of 'getenv'
E:\Users\Eugen\Source\srvstart\srvstart\exe\exe.cpp(1286,1): warning C4996: 'sprintf': This function or variable may be unsafe. Consider using sprintf_s instead. To disable deprecation, use _CRT_SECURE_NO_WARNINGS. See online help for details.
C:\Program Files (x86)\Windows Kits\10\Include\10.0.18362.0\ucrt\stdio.h(1774): message : see declaration of 'sprintf'
  Validation.cpp
  Logger Message: building DEBUG Target
  Generating Code...
C:\Program Files (x86)\Microsoft Visual Studio\2019\Community\MSBuild\Microsoft\VC\v160\Microsoft.CppBuild.targets(1274,5): warning MSB8012: TargetPath(E:\Users\Eugen\Source\srvstart\srvstart\x64\Debug\exe.exe) does not match the Linker's OutputFile property value (E:\Users\Eugen\Source\srvstart\srvstart\x64\Debug\Srvstart.exe). This may cause your project to build incorrectly. To correct this, please make sure that $(OutDir), $(TargetName) and $(TargetExt) property values match the value specified in %(Link.OutputFile).
C:\Program Files (x86)\Microsoft Visual Studio\2019\Community\MSBuild\Microsoft\VC\v160\Microsoft.CppBuild.targets(1276,5): warning MSB8012: TargetName(exe) does not match the Linker's OutputFile property value (Srvstart). This may cause your project to build incorrectly. To correct this, please make sure that $(OutDir), $(TargetName) and $(TargetExt) property values match the value specified in %(Link.OutputFile).
  LINK : E:\Users\Eugen\Source\srvstart\srvstart\x64\Debug\Srvstart.exe not found or not built by the last incremental link; performing full link
  exe.vcxproj -> E:\Users\Eugen\Source\srvstart\srvstart\x64\Debug\exe.exe
